<?xml version="1.0" encoding="utf-8"?><testsuites><testsuite name="pytest" errors="0" failures="0" skipped="0" tests="18" time="4.247" timestamp="2024-05-20T15:17:20.651391" hostname="fv-az568-806"><testcase classname="tests.test_Match" name="test_match_init" time="0.002" /><testcase classname="tests.test_Match" name="test_match_repr" time="0.001" /><testcase classname="tests.test_Match" name="test_match_eq" time="0.001" /><testcase classname="tests.test_Team" name="test_team_initialization" time="0.001" /><testcase classname="tests.test_Team" name="test_team_repr" time="0.001" /><testcase classname="tests.test_Team" name="test_team_equality" time="0.001" /><testcase classname="tests.test_bot" name="test_start_message" time="0.007" /><testcase classname="tests.test_bot" name="test_choose_league_message" time="0.002" /><testcase classname="tests.test_bot" name="test_subscribe" time="0.015" /><testcase classname="tests.test_bot" name="test_unsubscribe" time="0.003" /><testcase classname="tests.test_bot" name="test_save_subscriptions" time="0.001" /><testcase classname="tests.test_bot" name="test_send_notifications" time="0.002" /><testcase classname="tests.test_bot" name="test_help_command" time="0.001" /><testcase classname="tests.test_date_handler" name="test_compare_dates_exact_now" time="0.037" /><testcase classname="tests.test_requests_handler" name="test_get_data" time="0.002" /><testcase classname="tests.test_requests_handler" name="test_get_list_of_matches" time="0.002" /><testcase classname="tests.test_requests_handler" name="test_get_list_of_teams" time="0.002" /><testcase classname="tests.test_requests_handler" name="test_get_nearest_match" time="0.003" /></testsuite></testsuites>